INFO:     Started server process [29844]
INFO:     Waiting for application startup.
INFO:     Application startup complete.
INFO:     Uvicorn running on http://0.0.0.0:8000 (Press CTRL+C to quit)
ERROR:    Exception in ASGI application
Traceback (most recent call last):
  File "C:\Users\rakhm\OneDrive\Desktop\debtTrackerBot\backend\venv\Lib\site-packages\uvicorn\protocols\http\httptools_impl.py", line 409, in run_asgi
    result = await app(  # type: ignore[func-returns-value]
             ^^^^^^^^^^^^^^^^^^^^^^^^^^^^^^^^^^^^^^^^^^^^^^
  File "C:\Users\rakhm\OneDrive\Desktop\debtTrackerBot\backend\venv\Lib\site-packages\uvicorn\middleware\proxy_headers.py", line 60, in __call__
    return await self.app(scope, receive, send)
           ^^^^^^^^^^^^^^^^^^^^^^^^^^^^^^^^^^^^
  File "C:\Users\rakhm\OneDrive\Desktop\debtTrackerBot\backend\venv\Lib\site-packages\fastapi\applications.py", line 1054, in __call__
    await super().__call__(scope, receive, send)
  File "C:\Users\rakhm\OneDrive\Desktop\debtTrackerBot\backend\venv\Lib\site-packages\starlette\applications.py", line 113, in __call__
    await self.middleware_stack(scope, receive, send)
  File "C:\Users\rakhm\OneDrive\Desktop\debtTrackerBot\backend\venv\Lib\site-packages\starlette\middleware\errors.py", line 187, in __call__
    raise exc
  File "C:\Users\rakhm\OneDrive\Desktop\debtTrackerBot\backend\venv\Lib\site-packages\starlette\middleware\errors.py", line 165, in __call__
    await self.app(scope, receive, _send)
  File "C:\Users\rakhm\OneDrive\Desktop\debtTrackerBot\backend\venv\Lib\site-packages\starlette\middleware\cors.py", line 93, in __call__
    await self.simple_response(scope, receive, send, request_headers=headers)
  File "C:\Users\rakhm\OneDrive\Desktop\debtTrackerBot\backend\venv\Lib\site-packages\starlette\middleware\cors.py", line 144, in simple_response
    await self.app(scope, receive, send)
  File "C:\Users\rakhm\OneDrive\Desktop\debtTrackerBot\backend\venv\Lib\site-packages\starlette\middleware\exceptions.py", line 62, in __call__
    await wrap_app_handling_exceptions(self.app, conn)(scope, receive, send)
  File "C:\Users\rakhm\OneDrive\Desktop\debtTrackerBot\backend\venv\Lib\site-packages\starlette\_exception_handler.py", line 53, in wrapped_app
    raise exc
  File "C:\Users\rakhm\OneDrive\Desktop\debtTrackerBot\backend\venv\Lib\site-packages\starlette\_exception_handler.py", line 42, in wrapped_app
    await app(scope, receive, sender)
  File "C:\Users\rakhm\OneDrive\Desktop\debtTrackerBot\backend\venv\Lib\site-packages\starlette\routing.py", line 715, in __call__
    await self.middleware_stack(scope, receive, send)
  File "C:\Users\rakhm\OneDrive\Desktop\debtTrackerBot\backend\venv\Lib\site-packages\starlette\routing.py", line 735, in app
    await route.handle(scope, receive, send)
  File "C:\Users\rakhm\OneDrive\Desktop\debtTrackerBot\backend\venv\Lib\site-packages\starlette\routing.py", line 288, in handle
    await self.app(scope, receive, send)
  File "C:\Users\rakhm\OneDrive\Desktop\debtTrackerBot\backend\venv\Lib\site-packages\starlette\routing.py", line 76, in app
    await wrap_app_handling_exceptions(app, request)(scope, receive, send)
  File "C:\Users\rakhm\OneDrive\Desktop\debtTrackerBot\backend\venv\Lib\site-packages\starlette\_exception_handler.py", line 53, in wrapped_app
    raise exc
  File "C:\Users\rakhm\OneDrive\Desktop\debtTrackerBot\backend\venv\Lib\site-packages\starlette\_exception_handler.py", line 42, in wrapped_app
    await app(scope, receive, sender)
  File "C:\Users\rakhm\OneDrive\Desktop\debtTrackerBot\backend\venv\Lib\site-packages\starlette\routing.py", line 73, in app
    response = await f(request)
               ^^^^^^^^^^^^^^^^
  File "C:\Users\rakhm\OneDrive\Desktop\debtTrackerBot\backend\venv\Lib\site-packages\fastapi\routing.py", line 301, in app
    raw_response = await run_endpoint_function(
                   ^^^^^^^^^^^^^^^^^^^^^^^^^^^^
  File "C:\Users\rakhm\OneDrive\Desktop\debtTrackerBot\backend\venv\Lib\site-packages\fastapi\routing.py", line 212, in run_endpoint_function
    return await dependant.call(**values)
           ^^^^^^^^^^^^^^^^^^^^^^^^^^^^^^
  File "C:\Users\rakhm\OneDrive\Desktop\debtTrackerBot\backend\app\api\routes\auth.py", line 25, in register
    result = await db.execute(select(User).where(User.telegram_id == tg_user["id"]))
             ^^^^^^^^^^^^^^^^^^^^^^^^^^^^^^^^^^^^^^^^^^^^^^^^^^^^^^^^^^^^^^^^^^^^^^^
  File "C:\Users\rakhm\OneDrive\Desktop\debtTrackerBot\backend\venv\Lib\site-packages\sqlalchemy\ext\asyncio\session.py", line 461, in execute
    result = await greenlet_spawn(
             ^^^^^^^^^^^^^^^^^^^^^
  File "C:\Users\rakhm\OneDrive\Desktop\debtTrackerBot\backend\venv\Lib\site-packages\sqlalchemy\util\_concurrency_py3k.py", line 203, in greenlet_spawn
    result = context.switch(value)
             ^^^^^^^^^^^^^^^^^^^^^
  File "C:\Users\rakhm\OneDrive\Desktop\debtTrackerBot\backend\venv\Lib\site-packages\sqlalchemy\orm\session.py", line 2362, in execute
    return self._execute_internal(
           ^^^^^^^^^^^^^^^^^^^^^^^
  File "C:\Users\rakhm\OneDrive\Desktop\debtTrackerBot\backend\venv\Lib\site-packages\sqlalchemy\orm\session.py", line 2247, in _execute_internal
    result: Result[Any] = compile_state_cls.orm_execute_statement(
                          ^^^^^^^^^^^^^^^^^^^^^^^^^^^^^^^^^^^^^^^^
  File "C:\Users\rakhm\OneDrive\Desktop\debtTrackerBot\backend\venv\Lib\site-packages\sqlalchemy\orm\context.py", line 305, in orm_execute_statement
    result = conn.execute(
             ^^^^^^^^^^^^^
  File "C:\Users\rakhm\OneDrive\Desktop\debtTrackerBot\backend\venv\Lib\site-packages\sqlalchemy\engine\base.py", line 1418, in execute
    return meth(
           ^^^^^
  File "C:\Users\rakhm\OneDrive\Desktop\debtTrackerBot\backend\venv\Lib\site-packages\sqlalchemy\sql\elements.py", line 515, in _execute_on_connection
    return connection._execute_clauseelement(
           ^^^^^^^^^^^^^^^^^^^^^^^^^^^^^^^^^^
  File "C:\Users\rakhm\OneDrive\Desktop\debtTrackerBot\backend\venv\Lib\site-packages\sqlalchemy\engine\base.py", line 1632, in _execute_clauseelement
    compiled_sql, extracted_params, cache_hit = elem._compile_w_cache(
                                                ^^^^^^^^^^^^^^^^^^^^^^
  File "C:\Users\rakhm\OneDrive\Desktop\debtTrackerBot\backend\venv\Lib\site-packages\sqlalchemy\sql\elements.py", line 703, in _compile_w_cache
    compiled_sql = self._compiler(
                   ^^^^^^^^^^^^^^^
  File "C:\Users\rakhm\OneDrive\Desktop\debtTrackerBot\backend\venv\Lib\site-packages\sqlalchemy\sql\elements.py", line 316, in _compiler
    return dialect.statement_compiler(dialect, self, **kw)
           ^^^^^^^^^^^^^^^^^^^^^^^^^^^^^^^^^^^^^^^^^^^^^^^
  File "C:\Users\rakhm\OneDrive\Desktop\debtTrackerBot\backend\venv\Lib\site-packages\sqlalchemy\sql\compiler.py", line 1429, in __init__
    Compiled.__init__(self, dialect, statement, **kwargs)
  File "C:\Users\rakhm\OneDrive\Desktop\debtTrackerBot\backend\venv\Lib\site-packages\sqlalchemy\sql\compiler.py", line 870, in __init__
    self.string = self.process(self.statement, **compile_kwargs)
                  ^^^^^^^^^^^^^^^^^^^^^^^^^^^^^^^^^^^^^^^^^^^^^^
  File "C:\Users\rakhm\OneDrive\Desktop\debtTrackerBot\backend\venv\Lib\site-packages\sqlalchemy\sql\compiler.py", line 915, in process
    return obj._compiler_dispatch(self, **kwargs)
           ^^^^^^^^^^^^^^^^^^^^^^^^^^^^^^^^^^^^^^
  File "C:\Users\rakhm\OneDrive\Desktop\debtTrackerBot\backend\venv\Lib\site-packages\sqlalchemy\sql\visitors.py", line 141, in _compiler_dispatch
    return meth(self, **kw)  # type: ignore  # noqa: E501
           ^^^^^^^^^^^^^^^^
  File "C:\Users\rakhm\OneDrive\Desktop\debtTrackerBot\backend\venv\Lib\site-packages\sqlalchemy\sql\compiler.py", line 4679, in visit_select
    compile_state = select_stmt._compile_state_factory(
                    ^^^^^^^^^^^^^^^^^^^^^^^^^^^^^^^^^^^
  File "C:\Users\rakhm\OneDrive\Desktop\debtTrackerBot\backend\venv\Lib\site-packages\sqlalchemy\sql\base.py", line 683, in create_for_statement
    return klass.create_for_statement(statement, compiler, **kw)
           ^^^^^^^^^^^^^^^^^^^^^^^^^^^^^^^^^^^^^^^^^^^^^^^^^^^^^
  File "C:\Users\rakhm\OneDrive\Desktop\debtTrackerBot\backend\venv\Lib\site-packages\sqlalchemy\orm\context.py", line 1110, in create_for_statement
    _QueryEntity.to_compile_state(
  File "C:\Users\rakhm\OneDrive\Desktop\debtTrackerBot\backend\venv\Lib\site-packages\sqlalchemy\orm\context.py", line 2565, in to_compile_state
    _MapperEntity(
  File "C:\Users\rakhm\OneDrive\Desktop\debtTrackerBot\backend\venv\Lib\site-packages\sqlalchemy\orm\context.py", line 2645, in __init__
    entity._post_inspect
  File "C:\Users\rakhm\OneDrive\Desktop\debtTrackerBot\backend\venv\Lib\site-packages\sqlalchemy\util\langhelpers.py", line 1253, in __get__
    obj.__dict__[self.__name__] = result = self.fget(obj)
                                           ^^^^^^^^^^^^^^
  File "C:\Users\rakhm\OneDrive\Desktop\debtTrackerBot\backend\venv\Lib\site-packages\sqlalchemy\orm\mapper.py", line 2722, in _post_inspect
    self._check_configure()
  File "C:\Users\rakhm\OneDrive\Desktop\debtTrackerBot\backend\venv\Lib\site-packages\sqlalchemy\orm\mapper.py", line 2399, in _check_configure
    _configure_registries({self.registry}, cascade=True)
  File "C:\Users\rakhm\OneDrive\Desktop\debtTrackerBot\backend\venv\Lib\site-packages\sqlalchemy\orm\mapper.py", line 4215, in _configure_registries
    _do_configure_registries(registries, cascade)
  File "C:\Users\rakhm\OneDrive\Desktop\debtTrackerBot\backend\venv\Lib\site-packages\sqlalchemy\orm\mapper.py", line 4256, in _do_configure_registries
    mapper._post_configure_properties()
  File "C:\Users\rakhm\OneDrive\Desktop\debtTrackerBot\backend\venv\Lib\site-packages\sqlalchemy\orm\mapper.py", line 2416, in _post_configure_properties
    prop.init()
  File "C:\Users\rakhm\OneDrive\Desktop\debtTrackerBot\backend\venv\Lib\site-packages\sqlalchemy\orm\interfaces.py", line 589, in init
    self.do_init()
  File "C:\Users\rakhm\OneDrive\Desktop\debtTrackerBot\backend\venv\Lib\site-packages\sqlalchemy\orm\relationships.py", line 1647, in do_init
    self._generate_backref()
  File "C:\Users\rakhm\OneDrive\Desktop\debtTrackerBot\backend\venv\Lib\site-packages\sqlalchemy\orm\relationships.py", line 2128, in _generate_backref
    mapper._configure_property(
  File "C:\Users\rakhm\OneDrive\Desktop\debtTrackerBot\backend\venv\Lib\site-packages\sqlalchemy\orm\mapper.py", line 2249, in _configure_property
    prop.init()
  File "C:\Users\rakhm\OneDrive\Desktop\debtTrackerBot\backend\venv\Lib\site-packages\sqlalchemy\orm\interfaces.py", line 589, in init
    self.do_init()
  File "C:\Users\rakhm\OneDrive\Desktop\debtTrackerBot\backend\venv\Lib\site-packages\sqlalchemy\orm\relationships.py", line 1647, in do_init
    self._generate_backref()
  File "C:\Users\rakhm\OneDrive\Desktop\debtTrackerBot\backend\venv\Lib\site-packages\sqlalchemy\orm\relationships.py", line 2133, in _generate_backref
    self._add_reverse_property(self.back_populates)
  File "C:\Users\rakhm\OneDrive\Desktop\debtTrackerBot\backend\venv\Lib\site-packages\sqlalchemy\orm\relationships.py", line 1614, in _add_reverse_property
    raise sa_exc.ArgumentError(
sqlalchemy.exc.ArgumentError: Transaction.children and back-reference Transaction.parent are both of the same direction <RelationshipDirection.ONETOMANY: 1>.  Did you mean to set remote_side on the many-to-one side ?
ERROR:    Exception in ASGI application
Traceback (most recent call last):
  File "C:\Users\rakhm\OneDrive\Desktop\debtTrackerBot\backend\venv\Lib\site-packages\uvicorn\protocols\http\httptools_impl.py", line 409, in run_asgi
    result = await app(  # type: ignore[func-returns-value]
             ^^^^^^^^^^^^^^^^^^^^^^^^^^^^^^^^^^^^^^^^^^^^^^
  File "C:\Users\rakhm\OneDrive\Desktop\debtTrackerBot\backend\venv\Lib\site-packages\uvicorn\middleware\proxy_headers.py", line 60, in __call__
    return await self.app(scope, receive, send)
           ^^^^^^^^^^^^^^^^^^^^^^^^^^^^^^^^^^^^
  File "C:\Users\rakhm\OneDrive\Desktop\debtTrackerBot\backend\venv\Lib\site-packages\fastapi\applications.py", line 1054, in __call__
    await super().__call__(scope, receive, send)
  File "C:\Users\rakhm\OneDrive\Desktop\debtTrackerBot\backend\venv\Lib\site-packages\starlette\applications.py", line 113, in __call__
    await self.middleware_stack(scope, receive, send)
  File "C:\Users\rakhm\OneDrive\Desktop\debtTrackerBot\backend\venv\Lib\site-packages\starlette\middleware\errors.py", line 187, in __call__
    raise exc
  File "C:\Users\rakhm\OneDrive\Desktop\debtTrackerBot\backend\venv\Lib\site-packages\starlette\middleware\errors.py", line 165, in __call__
    await self.app(scope, receive, _send)
  File "C:\Users\rakhm\OneDrive\Desktop\debtTrackerBot\backend\venv\Lib\site-packages\starlette\middleware\cors.py", line 93, in __call__
    await self.simple_response(scope, receive, send, request_headers=headers)
  File "C:\Users\rakhm\OneDrive\Desktop\debtTrackerBot\backend\venv\Lib\site-packages\starlette\middleware\cors.py", line 144, in simple_response
    await self.app(scope, receive, send)
  File "C:\Users\rakhm\OneDrive\Desktop\debtTrackerBot\backend\venv\Lib\site-packages\starlette\middleware\exceptions.py", line 62, in __call__
    await wrap_app_handling_exceptions(self.app, conn)(scope, receive, send)
  File "C:\Users\rakhm\OneDrive\Desktop\debtTrackerBot\backend\venv\Lib\site-packages\starlette\_exception_handler.py", line 53, in wrapped_app
    raise exc
  File "C:\Users\rakhm\OneDrive\Desktop\debtTrackerBot\backend\venv\Lib\site-packages\starlette\_exception_handler.py", line 42, in wrapped_app
    await app(scope, receive, sender)
  File "C:\Users\rakhm\OneDrive\Desktop\debtTrackerBot\backend\venv\Lib\site-packages\starlette\routing.py", line 715, in __call__
    await self.middleware_stack(scope, receive, send)
  File "C:\Users\rakhm\OneDrive\Desktop\debtTrackerBot\backend\venv\Lib\site-packages\starlette\routing.py", line 735, in app
    await route.handle(scope, receive, send)
  File "C:\Users\rakhm\OneDrive\Desktop\debtTrackerBot\backend\venv\Lib\site-packages\starlette\routing.py", line 288, in handle
    await self.app(scope, receive, send)
  File "C:\Users\rakhm\OneDrive\Desktop\debtTrackerBot\backend\venv\Lib\site-packages\starlette\routing.py", line 76, in app
    await wrap_app_handling_exceptions(app, request)(scope, receive, send)
  File "C:\Users\rakhm\OneDrive\Desktop\debtTrackerBot\backend\venv\Lib\site-packages\starlette\_exception_handler.py", line 53, in wrapped_app
    raise exc
  File "C:\Users\rakhm\OneDrive\Desktop\debtTrackerBot\backend\venv\Lib\site-packages\starlette\_exception_handler.py", line 42, in wrapped_app
    await app(scope, receive, sender)
  File "C:\Users\rakhm\OneDrive\Desktop\debtTrackerBot\backend\venv\Lib\site-packages\starlette\routing.py", line 73, in app
    response = await f(request)
               ^^^^^^^^^^^^^^^^
  File "C:\Users\rakhm\OneDrive\Desktop\debtTrackerBot\backend\venv\Lib\site-packages\fastapi\routing.py", line 301, in app
    raw_response = await run_endpoint_function(
                   ^^^^^^^^^^^^^^^^^^^^^^^^^^^^
  File "C:\Users\rakhm\OneDrive\Desktop\debtTrackerBot\backend\venv\Lib\site-packages\fastapi\routing.py", line 212, in run_endpoint_function
    return await dependant.call(**values)
           ^^^^^^^^^^^^^^^^^^^^^^^^^^^^^^
  File "C:\Users\rakhm\OneDrive\Desktop\debtTrackerBot\backend\app\api\routes\auth.py", line 25, in register
    result = await db.execute(select(User).where(User.telegram_id == tg_user["id"]))
             ^^^^^^^^^^^^^^^^^^^^^^^^^^^^^^^^^^^^^^^^^^^^^^^^^^^^^^^^^^^^^^^^^^^^^^^
  File "C:\Users\rakhm\OneDrive\Desktop\debtTrackerBot\backend\venv\Lib\site-packages\sqlalchemy\ext\asyncio\session.py", line 461, in execute
    result = await greenlet_spawn(
             ^^^^^^^^^^^^^^^^^^^^^
  File "C:\Users\rakhm\OneDrive\Desktop\debtTrackerBot\backend\venv\Lib\site-packages\sqlalchemy\util\_concurrency_py3k.py", line 190, in greenlet_spawn
    result = context.switch(*args, **kwargs)
             ^^^^^^^^^^^^^^^^^^^^^^^^^^^^^^^
  File "C:\Users\rakhm\OneDrive\Desktop\debtTrackerBot\backend\venv\Lib\site-packages\sqlalchemy\orm\session.py", line 2362, in execute
    return self._execute_internal(
           ^^^^^^^^^^^^^^^^^^^^^^^
  File "C:\Users\rakhm\OneDrive\Desktop\debtTrackerBot\backend\venv\Lib\site-packages\sqlalchemy\orm\session.py", line 2247, in _execute_internal
    result: Result[Any] = compile_state_cls.orm_execute_statement(
                          ^^^^^^^^^^^^^^^^^^^^^^^^^^^^^^^^^^^^^^^^
  File "C:\Users\rakhm\OneDrive\Desktop\debtTrackerBot\backend\venv\Lib\site-packages\sqlalchemy\orm\context.py", line 305, in orm_execute_statement
    result = conn.execute(
             ^^^^^^^^^^^^^
  File "C:\Users\rakhm\OneDrive\Desktop\debtTrackerBot\backend\venv\Lib\site-packages\sqlalchemy\engine\base.py", line 1418, in execute
    return meth(
           ^^^^^
  File "C:\Users\rakhm\OneDrive\Desktop\debtTrackerBot\backend\venv\Lib\site-packages\sqlalchemy\sql\elements.py", line 515, in _execute_on_connection
    return connection._execute_clauseelement(
           ^^^^^^^^^^^^^^^^^^^^^^^^^^^^^^^^^^
  File "C:\Users\rakhm\OneDrive\Desktop\debtTrackerBot\backend\venv\Lib\site-packages\sqlalchemy\engine\base.py", line 1632, in _execute_clauseelement
    compiled_sql, extracted_params, cache_hit = elem._compile_w_cache(
                                                ^^^^^^^^^^^^^^^^^^^^^^
  File "C:\Users\rakhm\OneDrive\Desktop\debtTrackerBot\backend\venv\Lib\site-packages\sqlalchemy\sql\elements.py", line 703, in _compile_w_cache
    compiled_sql = self._compiler(
                   ^^^^^^^^^^^^^^^
  File "C:\Users\rakhm\OneDrive\Desktop\debtTrackerBot\backend\venv\Lib\site-packages\sqlalchemy\sql\elements.py", line 316, in _compiler
    return dialect.statement_compiler(dialect, self, **kw)
           ^^^^^^^^^^^^^^^^^^^^^^^^^^^^^^^^^^^^^^^^^^^^^^^
  File "C:\Users\rakhm\OneDrive\Desktop\debtTrackerBot\backend\venv\Lib\site-packages\sqlalchemy\sql\compiler.py", line 1429, in __init__
    Compiled.__init__(self, dialect, statement, **kwargs)
  File "C:\Users\rakhm\OneDrive\Desktop\debtTrackerBot\backend\venv\Lib\site-packages\sqlalchemy\sql\compiler.py", line 870, in __init__
    self.string = self.process(self.statement, **compile_kwargs)
                  ^^^^^^^^^^^^^^^^^^^^^^^^^^^^^^^^^^^^^^^^^^^^^^
  File "C:\Users\rakhm\OneDrive\Desktop\debtTrackerBot\backend\venv\Lib\site-packages\sqlalchemy\sql\compiler.py", line 915, in process
    return obj._compiler_dispatch(self, **kwargs)
           ^^^^^^^^^^^^^^^^^^^^^^^^^^^^^^^^^^^^^^
  File "C:\Users\rakhm\OneDrive\Desktop\debtTrackerBot\backend\venv\Lib\site-packages\sqlalchemy\sql\visitors.py", line 141, in _compiler_dispatch
    return meth(self, **kw)  # type: ignore  # noqa: E501
           ^^^^^^^^^^^^^^^^
  File "C:\Users\rakhm\OneDrive\Desktop\debtTrackerBot\backend\venv\Lib\site-packages\sqlalchemy\sql\compiler.py", line 4679, in visit_select
    compile_state = select_stmt._compile_state_factory(
                    ^^^^^^^^^^^^^^^^^^^^^^^^^^^^^^^^^^^
  File "C:\Users\rakhm\OneDrive\Desktop\debtTrackerBot\backend\venv\Lib\site-packages\sqlalchemy\sql\base.py", line 683, in create_for_statement
    return klass.create_for_statement(statement, compiler, **kw)
           ^^^^^^^^^^^^^^^^^^^^^^^^^^^^^^^^^^^^^^^^^^^^^^^^^^^^^
  File "C:\Users\rakhm\OneDrive\Desktop\debtTrackerBot\backend\venv\Lib\site-packages\sqlalchemy\orm\context.py", line 1110, in create_for_statement
    _QueryEntity.to_compile_state(
  File "C:\Users\rakhm\OneDrive\Desktop\debtTrackerBot\backend\venv\Lib\site-packages\sqlalchemy\orm\context.py", line 2565, in to_compile_state
    _MapperEntity(
  File "C:\Users\rakhm\OneDrive\Desktop\debtTrackerBot\backend\venv\Lib\site-packages\sqlalchemy\orm\context.py", line 2645, in __init__
    entity._post_inspect
  File "C:\Users\rakhm\OneDrive\Desktop\debtTrackerBot\backend\venv\Lib\site-packages\sqlalchemy\util\langhelpers.py", line 1253, in __get__
    obj.__dict__[self.__name__] = result = self.fget(obj)
                                           ^^^^^^^^^^^^^^
  File "C:\Users\rakhm\OneDrive\Desktop\debtTrackerBot\backend\venv\Lib\site-packages\sqlalchemy\orm\mapper.py", line 2722, in _post_inspect
    self._check_configure()
  File "C:\Users\rakhm\OneDrive\Desktop\debtTrackerBot\backend\venv\Lib\site-packages\sqlalchemy\orm\mapper.py", line 2399, in _check_configure
    _configure_registries({self.registry}, cascade=True)
  File "C:\Users\rakhm\OneDrive\Desktop\debtTrackerBot\backend\venv\Lib\site-packages\sqlalchemy\orm\mapper.py", line 4215, in _configure_registries
    _do_configure_registries(registries, cascade)
  File "C:\Users\rakhm\OneDrive\Desktop\debtTrackerBot\backend\venv\Lib\site-packages\sqlalchemy\orm\mapper.py", line 4252, in _do_configure_registries
    raise e
sqlalchemy.exc.InvalidRequestError: One or more mappers failed to initialize - can't proceed with initialization of other mappers. Triggering mapper: 'Mapper[Transaction(transactions)]'. Original exception was: Transaction.children and back-reference Transaction.parent are both of the same direction <RelationshipDirection.ONETOMANY: 1>.  Did you mean to set remote_side on the many-to-one side ?
